mode: set
github.com/jackthepanda96/Belajar-Rest.git/feature/book/usecase/logic.go:14.52,18.2 1 0
github.com/jackthepanda96/Belajar-Rest.git/feature/book/usecase/logic.go:20.86,21.18 1 0
github.com/jackthepanda96/Belajar-Rest.git/feature/book/usecase/logic.go:25.2,30.17 5 0
github.com/jackthepanda96/Belajar-Rest.git/feature/book/usecase/logic.go:34.2,34.17 1 0
github.com/jackthepanda96/Belajar-Rest.git/feature/book/usecase/logic.go:21.18,23.3 1 0
github.com/jackthepanda96/Belajar-Rest.git/feature/book/usecase/logic.go:30.17,32.3 1 0
github.com/jackthepanda96/Belajar-Rest.git/feature/book/usecase/logic.go:36.60,39.19 2 0
github.com/jackthepanda96/Belajar-Rest.git/feature/book/usecase/logic.go:43.2,43.17 1 0
github.com/jackthepanda96/Belajar-Rest.git/feature/book/usecase/logic.go:39.19,41.3 1 0
github.com/jackthepanda96/Belajar-Rest.git/feature/user/usecase/logic.go:15.49,19.2 1 1
github.com/jackthepanda96/Belajar-Rest.git/feature/user/usecase/logic.go:21.74,23.16 2 1
github.com/jackthepanda96/Belajar-Rest.git/feature/user/usecase/logic.go:27.2,29.22 3 1
github.com/jackthepanda96/Belajar-Rest.git/feature/user/usecase/logic.go:33.2,33.22 1 1
github.com/jackthepanda96/Belajar-Rest.git/feature/user/usecase/logic.go:23.16,26.3 2 0
github.com/jackthepanda96/Belajar-Rest.git/feature/user/usecase/logic.go:29.22,31.3 1 1
github.com/jackthepanda96/Belajar-Rest.git/feature/user/usecase/logic.go:35.56,38.20 2 0
github.com/jackthepanda96/Belajar-Rest.git/feature/user/usecase/logic.go:42.2,42.18 1 0
github.com/jackthepanda96/Belajar-Rest.git/feature/user/usecase/logic.go:38.20,40.3 1 0
